oct 16, 2017 8:24:26 PM org.apache.catalina.core.ApplicationContext log
INFORMACIÓN: No state saving method defined, assuming default server state saving
oct 16, 2017 8:25:00 PM org.apache.catalina.core.ApplicationContext log
INFORMACIÓN: No state saving method defined, assuming default server state saving
oct 16, 2017 8:25:59 PM org.apache.catalina.core.ApplicationContext log
INFORMACIÓN: No state saving method defined, assuming default server state saving
oct 16, 2017 8:43:59 PM org.apache.catalina.core.StandardWrapperValve invoke
GRAVE: El Servlet.service() para el servlet [Faces Servlet] en el contexto con ruta [] lanzó la excepción [/crearpost.xhtmlNo saved view state could be found for the view identifier: /crearpost.xhtml] con causa raíz
javax.faces.application.ViewExpiredException: /crearpost.xhtmlNo saved view state could be found for the view identifier: /crearpost.xhtml
	at org.apache.myfaces.lifecycle.RestoreViewExecutor.execute(RestoreViewExecutor.java:171)
	at org.apache.myfaces.lifecycle.LifecycleImpl.executePhase(LifecycleImpl.java:170)
	at org.apache.myfaces.lifecycle.LifecycleImpl.execute(LifecycleImpl.java:117)
	at javax.faces.webapp.FacesServlet.service(FacesServlet.java:197)
	at org.apache.catalina.core.ApplicationFilterChain.internalDoFilter(ApplicationFilterChain.java:303)
	at org.apache.catalina.core.ApplicationFilterChain.doFilter(ApplicationFilterChain.java:208)
	at org.apache.tomcat.websocket.server.WsFilter.doFilter(WsFilter.java:52)
	at org.apache.catalina.core.ApplicationFilterChain.internalDoFilter(ApplicationFilterChain.java:241)
	at org.apache.catalina.core.ApplicationFilterChain.doFilter(ApplicationFilterChain.java:208)
	at filtro.FiltroAutenticacion.doFilter(FiltroAutenticacion.java:34)
	at org.apache.catalina.core.ApplicationFilterChain.internalDoFilter(ApplicationFilterChain.java:241)
	at org.apache.catalina.core.ApplicationFilterChain.doFilter(ApplicationFilterChain.java:208)
	at org.apache.catalina.core.StandardWrapperValve.invoke(StandardWrapperValve.java:220)
	at org.apache.catalina.core.StandardContextValve.invoke(StandardContextValve.java:122)
	at org.apache.tomee.catalina.OpenEJBValve.invoke(OpenEJBValve.java:44)
	at org.apache.tomee.catalina.OpenEJBValve.invoke(OpenEJBValve.java:44)
	at org.apache.tomee.catalina.OpenEJBValve.invoke(OpenEJBValve.java:44)
	at org.apache.tomee.catalina.OpenEJBValve.invoke(OpenEJBValve.java:44)
	at org.apache.tomee.catalina.OpenEJBValve.invoke(OpenEJBValve.java:44)
	at org.apache.tomee.catalina.OpenEJBValve.invoke(OpenEJBValve.java:44)
	at org.apache.tomee.catalina.OpenEJBValve.invoke(OpenEJBValve.java:44)
	at org.apache.tomee.catalina.OpenEJBValve.invoke(OpenEJBValve.java:44)
	at org.apache.tomee.catalina.OpenEJBValve.invoke(OpenEJBValve.java:44)
	at org.apache.tomee.catalina.OpenEJBValve.invoke(OpenEJBValve.java:44)
	at org.apache.tomee.catalina.OpenEJBValve.invoke(OpenEJBValve.java:44)
	at org.apache.tomee.catalina.OpenEJBValve.invoke(OpenEJBValve.java:44)
	at org.apache.tomee.catalina.OpenEJBValve.invoke(OpenEJBValve.java:44)
	at org.apache.tomee.catalina.OpenEJBValve.invoke(OpenEJBValve.java:44)
	at org.apache.tomee.catalina.OpenEJBValve.invoke(OpenEJBValve.java:44)
	at org.apache.tomee.catalina.OpenEJBValve.invoke(OpenEJBValve.java:44)
	at org.apache.tomee.catalina.OpenEJBValve.invoke(OpenEJBValve.java:44)
	at org.apache.tomee.catalina.OpenEJBValve.invoke(OpenEJBValve.java:44)
	at org.apache.tomee.catalina.OpenEJBValve.invoke(OpenEJBValve.java:44)
	at org.apache.catalina.authenticator.AuthenticatorBase.invoke(AuthenticatorBase.java:501)
	at org.apache.catalina.core.StandardHostValve.invoke(StandardHostValve.java:171)
	at org.apache.catalina.valves.ErrorReportValve.invoke(ErrorReportValve.java:103)
	at org.apache.catalina.valves.AccessLogValve.invoke(AccessLogValve.java:950)
	at org.apache.catalina.core.StandardEngineValve.invoke(StandardEngineValve.java:116)
	at org.apache.catalina.connector.CoyoteAdapter.service(CoyoteAdapter.java:408)
	at org.apache.coyote.http11.AbstractHttp11Processor.process(AbstractHttp11Processor.java:1070)
	at org.apache.coyote.AbstractProtocol$AbstractConnectionHandler.process(AbstractProtocol.java:611)
	at org.apache.tomcat.util.net.JIoEndpoint$SocketProcessor.run(JIoEndpoint.java:314)
	at java.util.concurrent.ThreadPoolExecutor.runWorker(ThreadPoolExecutor.java:1149)
	at java.util.concurrent.ThreadPoolExecutor$Worker.run(ThreadPoolExecutor.java:624)
	at org.apache.tomcat.util.threads.TaskThread$WrappingRunnable.run(TaskThread.java:61)
	at java.lang.Thread.run(Thread.java:748)

oct 16, 2017 8:44:00 PM org.apache.catalina.core.ApplicationContext log
INFORMACIÓN: No state saving method defined, assuming default server state saving
oct 16, 2017 8:44:14 PM org.apache.catalina.core.StandardWrapperValve invoke
GRAVE: El Servlet.service() para el servlet [Faces Servlet] en el contexto con ruta [] lanzó la excepción [javax.el.PropertyNotFoundException: Propiedad 'nombreusuario' no hallada en el tipo model.Usuario] con causa raíz
javax.el.PropertyNotFoundException: Propiedad 'nombreusuario' no hallada en el tipo model.Usuario
	at javax.el.BeanELResolver$BeanProperties.get(BeanELResolver.java:266)
	at javax.el.BeanELResolver$BeanProperties.access$300(BeanELResolver.java:243)
	at javax.el.BeanELResolver.property(BeanELResolver.java:353)
	at javax.el.BeanELResolver.getValue(BeanELResolver.java:97)
	at javax.el.CompositeELResolver.getValue(CompositeELResolver.java:67)
	at org.apache.myfaces.el.unified.resolver.FacesCompositeELResolver.getValue(FacesCompositeELResolver.java:179)
	at org.apache.el.parser.AstValue.getValue(AstValue.java:183)
	at org.apache.el.ValueExpressionImpl.getValue(ValueExpressionImpl.java:184)
	at org.apache.webbeans.el22.WrappedValueExpression.getValue(WrappedValueExpression.java:70)
	at org.apache.myfaces.view.facelets.el.ContextAwareTagValueExpression.getValue(ContextAwareTagValueExpression.java:96)
	at javax.faces.component._DeltaStateHelper.eval(_DeltaStateHelper.java:249)
	at javax.faces.component.UIOutput.getValue(UIOutput.java:67)
	at org.apache.myfaces.shared.renderkit.RendererUtils.getValue(RendererUtils.java:491)
	at org.apache.myfaces.shared.renderkit.RendererUtils.getStringValue(RendererUtils.java:334)
	at org.apache.myfaces.shared.renderkit.html.HtmlLinkRendererBase.renderOutcomeLinkEnd(HtmlLinkRendererBase.java:1294)
	at org.apache.myfaces.shared.renderkit.html.HtmlLinkRendererBase.encodeEnd(HtmlLinkRendererBase.java:210)
	at javax.faces.component.UIComponentBase.encodeEnd(UIComponentBase.java:665)
	at javax.faces.component.UIComponentBase.encodeAll(UIComponentBase.java:545)
	at javax.faces.component.UIComponentBase.encodeAll(UIComponentBase.java:541)
	at org.apache.myfaces.shared.renderkit.html.HtmlTableRendererBase.renderColumnBody(HtmlTableRendererBase.java:695)
	at org.apache.myfaces.shared.renderkit.html.HtmlTableRendererBase.encodeColumnChild(HtmlTableRendererBase.java:654)
	at org.apache.myfaces.shared.renderkit.html.HtmlTableRendererBase.encodeInnerHtml(HtmlTableRendererBase.java:503)
	at org.apache.myfaces.shared.renderkit.html.HtmlTableRendererBase.encodeChildren(HtmlTableRendererBase.java:214)
	at javax.faces.component.UIComponentBase.encodeChildren(UIComponentBase.java:634)
	at javax.faces.component.UIComponentBase.encodeAll(UIComponentBase.java:532)
	at javax.faces.component.UIComponentBase.encodeAll(UIComponentBase.java:541)
	at javax.faces.component.UIComponentBase.encodeAll(UIComponentBase.java:541)
	at org.apache.myfaces.view.facelets.FaceletViewDeclarationLanguage.renderView(FaceletViewDeclarationLanguage.java:1981)
	at org.apache.myfaces.application.ViewHandlerImpl.renderView(ViewHandlerImpl.java:305)
	at javax.faces.application.ViewHandlerWrapper.renderView(ViewHandlerWrapper.java:59)
	at org.apache.myfaces.lifecycle.RenderResponseExecutor.execute(RenderResponseExecutor.java:116)
	at org.apache.myfaces.lifecycle.LifecycleImpl.render(LifecycleImpl.java:241)
	at javax.faces.webapp.FacesServlet.service(FacesServlet.java:199)
	at org.apache.catalina.core.ApplicationFilterChain.internalDoFilter(ApplicationFilterChain.java:303)
	at org.apache.catalina.core.ApplicationFilterChain.doFilter(ApplicationFilterChain.java:208)
	at org.apache.tomcat.websocket.server.WsFilter.doFilter(WsFilter.java:52)
	at org.apache.catalina.core.ApplicationFilterChain.internalDoFilter(ApplicationFilterChain.java:241)
	at org.apache.catalina.core.ApplicationFilterChain.doFilter(ApplicationFilterChain.java:208)
	at filtro.FiltroAutenticacion.doFilter(FiltroAutenticacion.java:34)
	at org.apache.catalina.core.ApplicationFilterChain.internalDoFilter(ApplicationFilterChain.java:241)
	at org.apache.catalina.core.ApplicationFilterChain.doFilter(ApplicationFilterChain.java:208)
	at org.apache.catalina.core.StandardWrapperValve.invoke(StandardWrapperValve.java:220)
	at org.apache.catalina.core.StandardContextValve.invoke(StandardContextValve.java:122)
	at org.apache.tomee.catalina.OpenEJBValve.invoke(OpenEJBValve.java:44)
	at org.apache.tomee.catalina.OpenEJBValve.invoke(OpenEJBValve.java:44)
	at org.apache.tomee.catalina.OpenEJBValve.invoke(OpenEJBValve.java:44)
	at org.apache.tomee.catalina.OpenEJBValve.invoke(OpenEJBValve.java:44)
	at org.apache.tomee.catalina.OpenEJBValve.invoke(OpenEJBValve.java:44)
	at org.apache.tomee.catalina.OpenEJBValve.invoke(OpenEJBValve.java:44)
	at org.apache.tomee.catalina.OpenEJBValve.invoke(OpenEJBValve.java:44)
	at org.apache.tomee.catalina.OpenEJBValve.invoke(OpenEJBValve.java:44)
	at org.apache.tomee.catalina.OpenEJBValve.invoke(OpenEJBValve.java:44)
	at org.apache.tomee.catalina.OpenEJBValve.invoke(OpenEJBValve.java:44)
	at org.apache.tomee.catalina.OpenEJBValve.invoke(OpenEJBValve.java:44)
	at org.apache.tomee.catalina.OpenEJBValve.invoke(OpenEJBValve.java:44)
	at org.apache.tomee.catalina.OpenEJBValve.invoke(OpenEJBValve.java:44)
	at org.apache.tomee.catalina.OpenEJBValve.invoke(OpenEJBValve.java:44)
	at org.apache.tomee.catalina.OpenEJBValve.invoke(OpenEJBValve.java:44)
	at org.apache.tomee.catalina.OpenEJBValve.invoke(OpenEJBValve.java:44)
	at org.apache.tomee.catalina.OpenEJBValve.invoke(OpenEJBValve.java:44)
	at org.apache.tomee.catalina.OpenEJBValve.invoke(OpenEJBValve.java:44)
	at org.apache.tomee.catalina.OpenEJBValve.invoke(OpenEJBValve.java:44)
	at org.apache.catalina.authenticator.AuthenticatorBase.invoke(AuthenticatorBase.java:501)
	at org.apache.catalina.core.StandardHostValve.invoke(StandardHostValve.java:171)
	at org.apache.catalina.valves.ErrorReportValve.invoke(ErrorReportValve.java:103)
	at org.apache.catalina.valves.AccessLogValve.invoke(AccessLogValve.java:950)
	at org.apache.catalina.core.StandardEngineValve.invoke(StandardEngineValve.java:116)
	at org.apache.catalina.connector.CoyoteAdapter.service(CoyoteAdapter.java:408)
	at org.apache.coyote.http11.AbstractHttp11Processor.process(AbstractHttp11Processor.java:1070)
	at org.apache.coyote.AbstractProtocol$AbstractConnectionHandler.process(AbstractProtocol.java:611)
	at org.apache.tomcat.util.net.JIoEndpoint$SocketProcessor.run(JIoEndpoint.java:316)
	at java.util.concurrent.ThreadPoolExecutor.runWorker(ThreadPoolExecutor.java:1149)
	at java.util.concurrent.ThreadPoolExecutor$Worker.run(ThreadPoolExecutor.java:624)
	at org.apache.tomcat.util.threads.TaskThread$WrappingRunnable.run(TaskThread.java:61)
	at java.lang.Thread.run(Thread.java:748)

oct 16, 2017 8:45:19 PM org.apache.catalina.core.ApplicationContext log
INFORMACIÓN: No state saving method defined, assuming default server state saving
oct 16, 2017 8:45:27 PM org.apache.catalina.core.StandardWrapperValve invoke
GRAVE: El Servlet.service() para el servlet [Faces Servlet] en el contexto con ruta [] lanzó la excepción [javax.el.PropertyNotFoundException: Propiedad 'nombreusuario' no hallada en el tipo model.Usuario] con causa raíz
javax.el.PropertyNotFoundException: Propiedad 'nombreusuario' no hallada en el tipo model.Usuario
	at javax.el.BeanELResolver$BeanProperties.get(BeanELResolver.java:266)
	at javax.el.BeanELResolver$BeanProperties.access$300(BeanELResolver.java:243)
	at javax.el.BeanELResolver.property(BeanELResolver.java:353)
	at javax.el.BeanELResolver.getValue(BeanELResolver.java:97)
	at javax.el.CompositeELResolver.getValue(CompositeELResolver.java:67)
	at org.apache.myfaces.el.unified.resolver.FacesCompositeELResolver.getValue(FacesCompositeELResolver.java:179)
	at org.apache.el.parser.AstValue.getValue(AstValue.java:183)
	at org.apache.el.ValueExpressionImpl.getValue(ValueExpressionImpl.java:184)
	at org.apache.webbeans.el22.WrappedValueExpression.getValue(WrappedValueExpression.java:70)
	at org.apache.myfaces.view.facelets.el.ContextAwareTagValueExpression.getValue(ContextAwareTagValueExpression.java:96)
	at javax.faces.component._DeltaStateHelper.eval(_DeltaStateHelper.java:249)
	at javax.faces.component.UIOutput.getValue(UIOutput.java:67)
	at org.apache.myfaces.shared.renderkit.RendererUtils.getValue(RendererUtils.java:491)
	at org.apache.myfaces.shared.renderkit.RendererUtils.getStringValue(RendererUtils.java:334)
	at org.apache.myfaces.shared.renderkit.html.HtmlLinkRendererBase.renderOutcomeLinkEnd(HtmlLinkRendererBase.java:1294)
	at org.apache.myfaces.shared.renderkit.html.HtmlLinkRendererBase.encodeEnd(HtmlLinkRendererBase.java:210)
	at javax.faces.component.UIComponentBase.encodeEnd(UIComponentBase.java:665)
	at javax.faces.component.UIComponentBase.encodeAll(UIComponentBase.java:545)
	at javax.faces.component.UIComponentBase.encodeAll(UIComponentBase.java:541)
	at org.apache.myfaces.shared.renderkit.html.HtmlTableRendererBase.renderColumnBody(HtmlTableRendererBase.java:695)
	at org.apache.myfaces.shared.renderkit.html.HtmlTableRendererBase.encodeColumnChild(HtmlTableRendererBase.java:654)
	at org.apache.myfaces.shared.renderkit.html.HtmlTableRendererBase.encodeInnerHtml(HtmlTableRendererBase.java:503)
	at org.apache.myfaces.shared.renderkit.html.HtmlTableRendererBase.encodeChildren(HtmlTableRendererBase.java:214)
	at javax.faces.component.UIComponentBase.encodeChildren(UIComponentBase.java:634)
	at javax.faces.component.UIComponentBase.encodeAll(UIComponentBase.java:532)
	at javax.faces.component.UIComponentBase.encodeAll(UIComponentBase.java:541)
	at javax.faces.component.UIComponentBase.encodeAll(UIComponentBase.java:541)
	at org.apache.myfaces.view.facelets.FaceletViewDeclarationLanguage.renderView(FaceletViewDeclarationLanguage.java:1981)
	at org.apache.myfaces.application.ViewHandlerImpl.renderView(ViewHandlerImpl.java:305)
	at javax.faces.application.ViewHandlerWrapper.renderView(ViewHandlerWrapper.java:59)
	at org.apache.myfaces.lifecycle.RenderResponseExecutor.execute(RenderResponseExecutor.java:116)
	at org.apache.myfaces.lifecycle.LifecycleImpl.render(LifecycleImpl.java:241)
	at javax.faces.webapp.FacesServlet.service(FacesServlet.java:199)
	at org.apache.catalina.core.ApplicationFilterChain.internalDoFilter(ApplicationFilterChain.java:303)
	at org.apache.catalina.core.ApplicationFilterChain.doFilter(ApplicationFilterChain.java:208)
	at org.apache.tomcat.websocket.server.WsFilter.doFilter(WsFilter.java:52)
	at org.apache.catalina.core.ApplicationFilterChain.internalDoFilter(ApplicationFilterChain.java:241)
	at org.apache.catalina.core.ApplicationFilterChain.doFilter(ApplicationFilterChain.java:208)
	at filtro.FiltroAutenticacion.doFilter(FiltroAutenticacion.java:34)
	at org.apache.catalina.core.ApplicationFilterChain.internalDoFilter(ApplicationFilterChain.java:241)
	at org.apache.catalina.core.ApplicationFilterChain.doFilter(ApplicationFilterChain.java:208)
	at org.apache.catalina.core.StandardWrapperValve.invoke(StandardWrapperValve.java:220)
	at org.apache.catalina.core.StandardContextValve.invoke(StandardContextValve.java:122)
	at org.apache.tomee.catalina.OpenEJBValve.invoke(OpenEJBValve.java:44)
	at org.apache.tomee.catalina.OpenEJBValve.invoke(OpenEJBValve.java:44)
	at org.apache.tomee.catalina.OpenEJBValve.invoke(OpenEJBValve.java:44)
	at org.apache.tomee.catalina.OpenEJBValve.invoke(OpenEJBValve.java:44)
	at org.apache.tomee.catalina.OpenEJBValve.invoke(OpenEJBValve.java:44)
	at org.apache.tomee.catalina.OpenEJBValve.invoke(OpenEJBValve.java:44)
	at org.apache.tomee.catalina.OpenEJBValve.invoke(OpenEJBValve.java:44)
	at org.apache.tomee.catalina.OpenEJBValve.invoke(OpenEJBValve.java:44)
	at org.apache.tomee.catalina.OpenEJBValve.invoke(OpenEJBValve.java:44)
	at org.apache.tomee.catalina.OpenEJBValve.invoke(OpenEJBValve.java:44)
	at org.apache.tomee.catalina.OpenEJBValve.invoke(OpenEJBValve.java:44)
	at org.apache.tomee.catalina.OpenEJBValve.invoke(OpenEJBValve.java:44)
	at org.apache.tomee.catalina.OpenEJBValve.invoke(OpenEJBValve.java:44)
	at org.apache.tomee.catalina.OpenEJBValve.invoke(OpenEJBValve.java:44)
	at org.apache.tomee.catalina.OpenEJBValve.invoke(OpenEJBValve.java:44)
	at org.apache.tomee.catalina.OpenEJBValve.invoke(OpenEJBValve.java:44)
	at org.apache.tomee.catalina.OpenEJBValve.invoke(OpenEJBValve.java:44)
	at org.apache.tomee.catalina.OpenEJBValve.invoke(OpenEJBValve.java:44)
	at org.apache.tomee.catalina.OpenEJBValve.invoke(OpenEJBValve.java:44)
	at org.apache.tomee.catalina.OpenEJBValve.invoke(OpenEJBValve.java:44)
	at org.apache.tomee.catalina.OpenEJBValve.invoke(OpenEJBValve.java:44)
	at org.apache.tomee.catalina.OpenEJBValve.invoke(OpenEJBValve.java:44)
	at org.apache.catalina.authenticator.AuthenticatorBase.invoke(AuthenticatorBase.java:501)
	at org.apache.catalina.core.StandardHostValve.invoke(StandardHostValve.java:171)
	at org.apache.catalina.valves.ErrorReportValve.invoke(ErrorReportValve.java:103)
	at org.apache.catalina.valves.AccessLogValve.invoke(AccessLogValve.java:950)
	at org.apache.catalina.core.StandardEngineValve.invoke(StandardEngineValve.java:116)
	at org.apache.catalina.connector.CoyoteAdapter.service(CoyoteAdapter.java:408)
	at org.apache.coyote.http11.AbstractHttp11Processor.process(AbstractHttp11Processor.java:1070)
	at org.apache.coyote.AbstractProtocol$AbstractConnectionHandler.process(AbstractProtocol.java:611)
	at org.apache.tomcat.util.net.JIoEndpoint$SocketProcessor.run(JIoEndpoint.java:316)
	at java.util.concurrent.ThreadPoolExecutor.runWorker(ThreadPoolExecutor.java:1149)
	at java.util.concurrent.ThreadPoolExecutor$Worker.run(ThreadPoolExecutor.java:624)
	at org.apache.tomcat.util.threads.TaskThread$WrappingRunnable.run(TaskThread.java:61)
	at java.lang.Thread.run(Thread.java:748)

oct 16, 2017 8:48:43 PM org.apache.catalina.core.ApplicationContext log
INFORMACIÓN: No state saving method defined, assuming default server state saving
oct 16, 2017 8:48:58 PM org.apache.catalina.core.StandardWrapperValve invoke
GRAVE: El Servlet.service() para el servlet [Faces Servlet] en el contexto con ruta [] lanzó la excepción [javax.el.PropertyNotFoundException: Propiedad 'nombreusuario' no hallada en el tipo model.Usuario] con causa raíz
javax.el.PropertyNotFoundException: Propiedad 'nombreusuario' no hallada en el tipo model.Usuario
	at javax.el.BeanELResolver$BeanProperties.get(BeanELResolver.java:266)
	at javax.el.BeanELResolver$BeanProperties.access$300(BeanELResolver.java:243)
	at javax.el.BeanELResolver.property(BeanELResolver.java:353)
	at javax.el.BeanELResolver.getValue(BeanELResolver.java:97)
	at javax.el.CompositeELResolver.getValue(CompositeELResolver.java:67)
	at org.apache.myfaces.el.unified.resolver.FacesCompositeELResolver.getValue(FacesCompositeELResolver.java:179)
	at org.apache.el.parser.AstValue.getValue(AstValue.java:183)
	at org.apache.el.ValueExpressionImpl.getValue(ValueExpressionImpl.java:184)
	at org.apache.webbeans.el22.WrappedValueExpression.getValue(WrappedValueExpression.java:70)
	at org.apache.myfaces.view.facelets.el.ContextAwareTagValueExpression.getValue(ContextAwareTagValueExpression.java:96)
	at javax.faces.component._DeltaStateHelper.eval(_DeltaStateHelper.java:249)
	at javax.faces.component.UIOutput.getValue(UIOutput.java:67)
	at org.apache.myfaces.shared.renderkit.RendererUtils.getValue(RendererUtils.java:491)
	at org.apache.myfaces.shared.renderkit.RendererUtils.getStringValue(RendererUtils.java:334)
	at org.apache.myfaces.shared.renderkit.html.HtmlLinkRendererBase.renderOutcomeLinkEnd(HtmlLinkRendererBase.java:1294)
	at org.apache.myfaces.shared.renderkit.html.HtmlLinkRendererBase.encodeEnd(HtmlLinkRendererBase.java:210)
	at javax.faces.component.UIComponentBase.encodeEnd(UIComponentBase.java:665)
	at javax.faces.component.UIComponentBase.encodeAll(UIComponentBase.java:545)
	at javax.faces.component.UIComponentBase.encodeAll(UIComponentBase.java:541)
	at org.apache.myfaces.shared.renderkit.html.HtmlTableRendererBase.renderColumnBody(HtmlTableRendererBase.java:695)
	at org.apache.myfaces.shared.renderkit.html.HtmlTableRendererBase.encodeColumnChild(HtmlTableRendererBase.java:654)
	at org.apache.myfaces.shared.renderkit.html.HtmlTableRendererBase.encodeInnerHtml(HtmlTableRendererBase.java:503)
	at org.apache.myfaces.shared.renderkit.html.HtmlTableRendererBase.encodeChildren(HtmlTableRendererBase.java:214)
	at javax.faces.component.UIComponentBase.encodeChildren(UIComponentBase.java:634)
	at javax.faces.component.UIComponentBase.encodeAll(UIComponentBase.java:532)
	at javax.faces.component.UIComponentBase.encodeAll(UIComponentBase.java:541)
	at javax.faces.component.UIComponentBase.encodeAll(UIComponentBase.java:541)
	at org.apache.myfaces.view.facelets.FaceletViewDeclarationLanguage.renderView(FaceletViewDeclarationLanguage.java:1981)
	at org.apache.myfaces.application.ViewHandlerImpl.renderView(ViewHandlerImpl.java:305)
	at javax.faces.application.ViewHandlerWrapper.renderView(ViewHandlerWrapper.java:59)
	at org.apache.myfaces.lifecycle.RenderResponseExecutor.execute(RenderResponseExecutor.java:116)
	at org.apache.myfaces.lifecycle.LifecycleImpl.render(LifecycleImpl.java:241)
	at javax.faces.webapp.FacesServlet.service(FacesServlet.java:199)
	at org.apache.catalina.core.ApplicationFilterChain.internalDoFilter(ApplicationFilterChain.java:303)
	at org.apache.catalina.core.ApplicationFilterChain.doFilter(ApplicationFilterChain.java:208)
	at org.apache.tomcat.websocket.server.WsFilter.doFilter(WsFilter.java:52)
	at org.apache.catalina.core.ApplicationFilterChain.internalDoFilter(ApplicationFilterChain.java:241)
	at org.apache.catalina.core.ApplicationFilterChain.doFilter(ApplicationFilterChain.java:208)
	at filtro.FiltroAutenticacion.doFilter(FiltroAutenticacion.java:34)
	at org.apache.catalina.core.ApplicationFilterChain.internalDoFilter(ApplicationFilterChain.java:241)
	at org.apache.catalina.core.ApplicationFilterChain.doFilter(ApplicationFilterChain.java:208)
	at org.apache.catalina.core.StandardWrapperValve.invoke(StandardWrapperValve.java:220)
	at org.apache.catalina.core.StandardContextValve.invoke(StandardContextValve.java:122)
	at org.apache.tomee.catalina.OpenEJBValve.invoke(OpenEJBValve.java:44)
	at org.apache.tomee.catalina.OpenEJBValve.invoke(OpenEJBValve.java:44)
	at org.apache.tomee.catalina.OpenEJBValve.invoke(OpenEJBValve.java:44)
	at org.apache.tomee.catalina.OpenEJBValve.invoke(OpenEJBValve.java:44)
	at org.apache.tomee.catalina.OpenEJBValve.invoke(OpenEJBValve.java:44)
	at org.apache.tomee.catalina.OpenEJBValve.invoke(OpenEJBValve.java:44)
	at org.apache.tomee.catalina.OpenEJBValve.invoke(OpenEJBValve.java:44)
	at org.apache.tomee.catalina.OpenEJBValve.invoke(OpenEJBValve.java:44)
	at org.apache.tomee.catalina.OpenEJBValve.invoke(OpenEJBValve.java:44)
	at org.apache.tomee.catalina.OpenEJBValve.invoke(OpenEJBValve.java:44)
	at org.apache.tomee.catalina.OpenEJBValve.invoke(OpenEJBValve.java:44)
	at org.apache.tomee.catalina.OpenEJBValve.invoke(OpenEJBValve.java:44)
	at org.apache.tomee.catalina.OpenEJBValve.invoke(OpenEJBValve.java:44)
	at org.apache.tomee.catalina.OpenEJBValve.invoke(OpenEJBValve.java:44)
	at org.apache.tomee.catalina.OpenEJBValve.invoke(OpenEJBValve.java:44)
	at org.apache.tomee.catalina.OpenEJBValve.invoke(OpenEJBValve.java:44)
	at org.apache.tomee.catalina.OpenEJBValve.invoke(OpenEJBValve.java:44)
	at org.apache.tomee.catalina.OpenEJBValve.invoke(OpenEJBValve.java:44)
	at org.apache.tomee.catalina.OpenEJBValve.invoke(OpenEJBValve.java:44)
	at org.apache.tomee.catalina.OpenEJBValve.invoke(OpenEJBValve.java:44)
	at org.apache.tomee.catalina.OpenEJBValve.invoke(OpenEJBValve.java:44)
	at org.apache.tomee.catalina.OpenEJBValve.invoke(OpenEJBValve.java:44)
	at org.apache.tomee.catalina.OpenEJBValve.invoke(OpenEJBValve.java:44)
	at org.apache.tomee.catalina.OpenEJBValve.invoke(OpenEJBValve.java:44)
	at org.apache.tomee.catalina.OpenEJBValve.invoke(OpenEJBValve.java:44)
	at org.apache.catalina.authenticator.AuthenticatorBase.invoke(AuthenticatorBase.java:501)
	at org.apache.catalina.core.StandardHostValve.invoke(StandardHostValve.java:171)
	at org.apache.catalina.valves.ErrorReportValve.invoke(ErrorReportValve.java:103)
	at org.apache.catalina.valves.AccessLogValve.invoke(AccessLogValve.java:950)
	at org.apache.catalina.core.StandardEngineValve.invoke(StandardEngineValve.java:116)
	at org.apache.catalina.connector.CoyoteAdapter.service(CoyoteAdapter.java:408)
	at org.apache.coyote.http11.AbstractHttp11Processor.process(AbstractHttp11Processor.java:1070)
	at org.apache.coyote.AbstractProtocol$AbstractConnectionHandler.process(AbstractProtocol.java:611)
	at org.apache.tomcat.util.net.JIoEndpoint$SocketProcessor.run(JIoEndpoint.java:316)
	at java.util.concurrent.ThreadPoolExecutor.runWorker(ThreadPoolExecutor.java:1149)
	at java.util.concurrent.ThreadPoolExecutor$Worker.run(ThreadPoolExecutor.java:624)
	at org.apache.tomcat.util.threads.TaskThread$WrappingRunnable.run(TaskThread.java:61)
	at java.lang.Thread.run(Thread.java:748)

oct 16, 2017 8:52:19 PM org.apache.catalina.core.ApplicationContext log
INFORMACIÓN: No state saving method defined, assuming default server state saving
oct 16, 2017 8:53:04 PM org.apache.catalina.core.ApplicationContext log
INFORMACIÓN: No state saving method defined, assuming default server state saving
oct 16, 2017 8:55:26 PM org.apache.catalina.core.ApplicationContext log
INFORMACIÓN: No state saving method defined, assuming default server state saving
oct 16, 2017 8:56:14 PM org.apache.catalina.core.ApplicationContext log
INFORMACIÓN: No state saving method defined, assuming default server state saving
oct 16, 2017 8:57:25 PM org.apache.catalina.core.ApplicationContext log
INFORMACIÓN: No state saving method defined, assuming default server state saving
oct 16, 2017 9:00:22 PM org.apache.catalina.core.ApplicationContext log
INFORMACIÓN: No state saving method defined, assuming default server state saving
oct 16, 2017 9:01:04 PM org.apache.catalina.core.ApplicationContext log
INFORMACIÓN: No state saving method defined, assuming default server state saving
oct 16, 2017 9:02:57 PM org.apache.catalina.core.ApplicationContext log
INFORMACIÓN: No state saving method defined, assuming default server state saving
oct 16, 2017 9:11:52 PM org.apache.catalina.core.ApplicationContext log
INFORMACIÓN: No state saving method defined, assuming default server state saving
oct 16, 2017 9:13:05 PM org.apache.catalina.core.ApplicationContext log
INFORMACIÓN: No state saving method defined, assuming default server state saving
